2015-01-13 13:55:28 ERROR - Error::log - Invalid argument supplied for foreach() in /home/againnewyork/againnewyork.com/-new/system/manager/classes/formFields/ItemsField.php on line 204
2015-01-13 14:59:43 ERROR - Error::log - SQL error: SELECT `order`, `name`, `file`, `onWork`, COUNT(`id`) as `count` FROM `agn_assets` WHERE (`name` LIKE '%ana%' OR `tags` LIKE '%ana%') LIMIT 1;
<br><b>'Unknown column 'tags' in 'where clause''</b> in /home/againnewyork/againnewyork.com/-new/system/database/mysql/MysqlRecordSet.php on line 60
2015-01-13 17:58:12 ERROR - Error::log - SQL error: SELECT `order`, `name`, `file`, `onWork`, COUNT(`id`) as `count` FROM `agn_assets` WHERE (`name` LIKE '%home%' OR `tags` LIKE '%home%') LIMIT 1;
<br><b>'Unknown column 'tags' in 'where clause''</b> in /home/againnewyork/againnewyork.com/-new/system/database/mysql/MysqlRecordSet.php on line 60
2015-01-13 18:06:38 ERROR - Error::log - SQL error: SELECT `order`, `name`, `file`, `onWork`, COUNT(`id`) as `count` FROM `agn_assets` WHERE (`name` LIKE '%home%' OR `tags` LIKE '%home%') LIMIT 1;
<br><b>'Unknown column 'tags' in 'where clause''</b> in /home/againnewyork/againnewyork.com/-new/system/database/mysql/MysqlRecordSet.php on line 60
2015-01-13 18:12:07 ERROR - Error::log - SQL error: SELECT `order`, `name`, `file`, `onWork`, COUNT(`id`) as `count` FROM `agn_assets` WHERE (`name` LIKE '%home%' OR `tags` LIKE '%home%') LIMIT 1;
<br><b>'Unknown column 'tags' in 'where clause''</b> in /home/againnewyork/againnewyork.com/-new/system/database/mysql/MysqlRecordSet.php on line 60
2015-01-13 18:12:25 ERROR - Error::log - Invalid argument supplied for foreach() in /home/againnewyork/againnewyork.com/-new/system/manager/classes/formFields/ItemsField.php on line 221
2015-01-13 19:01:37 ERROR - Error::log - Invalid argument supplied for foreach() in /home/againnewyork/againnewyork.com/-new/system/manager/classes/formFields/ItemsField.php on line 204
2015-01-13 19:01:52 ERROR - Error::log - Invalid argument supplied for foreach() in /home/againnewyork/againnewyork.com/-new/system/manager/classes/formFields/ItemsField.php on line 204
2015-01-13 19:02:02 ERROR - Error::log - Invalid argument supplied for foreach() in /home/againnewyork/againnewyork.com/-new/system/manager/classes/formFields/ItemsField.php on line 204
2015-01-13 19:02:11 ERROR - Error::log - Invalid argument supplied for foreach() in /home/againnewyork/againnewyork.com/-new/system/manager/classes/formFields/ItemsField.php on line 204
2015-01-13 19:02:22 ERROR - Error::log - Invalid argument supplied for foreach() in /home/againnewyork/againnewyork.com/-new/system/manager/classes/formFields/ItemsField.php on line 204
2015-01-13 19:02:49 ERROR - Error::log - Invalid argument supplied for foreach() in /home/againnewyork/againnewyork.com/-new/system/manager/classes/formFields/ItemsField.php on line 204
2015-01-13 19:03:19 ERROR - Error::log - Invalid argument supplied for foreach() in /home/againnewyork/againnewyork.com/-new/system/manager/classes/formFields/ItemsField.php on line 204
2015-01-13 19:03:54 ERROR - Error::log - Invalid argument supplied for foreach() in /home/againnewyork/againnewyork.com/-new/system/manager/classes/formFields/ItemsField.php on line 204
2015-01-13 19:05:04 ERROR - Error::log - Invalid argument supplied for foreach() in /home/againnewyork/againnewyork.com/-new/system/manager/classes/formFields/ItemsField.php on line 204
2015-01-13 19:05:25 ERROR - Error::log - Invalid argument supplied for foreach() in /home/againnewyork/againnewyork.com/-new/system/manager/classes/formFields/ItemsField.php on line 204
2015-01-13 19:06:44 ERROR - Error::log - Invalid argument supplied for foreach() in /home/againnewyork/againnewyork.com/-new/system/manager/classes/formFields/ItemsField.php on line 204
2015-01-13 19:08:38 ERROR - Error::log - Invalid argument supplied for foreach() in /home/againnewyork/againnewyork.com/-new/system/manager/classes/formFields/ItemsField.php on line 204
2015-01-13 19:08:46 ERROR - Error::log - Invalid argument supplied for foreach() in /home/againnewyork/againnewyork.com/-new/system/manager/classes/formFields/ItemsField.php on line 221
2015-01-13 19:11:00 ERROR - Error::log - Invalid argument supplied for foreach() in /home/againnewyork/againnewyork.com/-new/system/manager/classes/formFields/ItemsField.php on line 204
2015-01-13 19:11:16 ERROR - Error::log - Invalid argument supplied for foreach() in /home/againnewyork/againnewyork.com/-new/system/manager/classes/formFields/ItemsField.php on line 204
2015-01-13 19:11:30 ERROR - Error::log - Invalid argument supplied for foreach() in /home/againnewyork/againnewyork.com/-new/system/manager/classes/formFields/ItemsField.php on line 204
2015-01-13 19:11:41 ERROR - Error::log - Invalid argument supplied for foreach() in /home/againnewyork/againnewyork.com/-new/system/manager/classes/formFields/ItemsField.php on line 204
2015-01-13 19:11:43 ERROR - Error::log - Invalid argument supplied for foreach() in /home/againnewyork/againnewyork.com/-new/system/manager/classes/formFields/ItemsField.php on line 204
2015-01-13 19:11:46 ERROR - Error::log - Invalid argument supplied for foreach() in /home/againnewyork/againnewyork.com/-new/system/manager/classes/formFields/ItemsField.php on line 204
2015-01-13 19:11:55 ERROR - Error::log - Invalid argument supplied for foreach() in /home/againnewyork/againnewyork.com/-new/system/manager/classes/formFields/ItemsField.php on line 204
2015-01-13 19:11:57 ERROR - Error::log - Invalid argument supplied for foreach() in /home/againnewyork/againnewyork.com/-new/system/manager/classes/formFields/ItemsField.php on line 204
2015-01-13 19:12:07 ERROR - Error::log - Invalid argument supplied for foreach() in /home/againnewyork/againnewyork.com/-new/system/manager/classes/formFields/ItemsField.php on line 204
2015-01-13 19:12:09 ERROR - Error::log - Invalid argument supplied for foreach() in /home/againnewyork/againnewyork.com/-new/system/manager/classes/formFields/ItemsField.php on line 204
2015-01-13 19:12:15 ERROR - Error::log - Invalid argument supplied for foreach() in /home/againnewyork/againnewyork.com/-new/system/manager/classes/formFields/ItemsField.php on line 204
2015-01-13 19:12:17 ERROR - Error::log - Invalid argument supplied for foreach() in /home/againnewyork/againnewyork.com/-new/system/manager/classes/formFields/ItemsField.php on line 204
2015-01-13 19:12:24 ERROR - Error::log - Invalid argument supplied for foreach() in /home/againnewyork/againnewyork.com/-new/system/manager/classes/formFields/ItemsField.php on line 204
2015-01-13 19:39:03 ERROR - Error::log - Invalid argument supplied for foreach() in /home/againnewyork/againnewyork.com/-new/system/manager/classes/formFields/ItemsField.php on line 204
2015-01-13 19:42:52 ERROR - Error::log - Invalid argument supplied for foreach() in /home/againnewyork/againnewyork.com/-new/system/manager/classes/formFields/ItemsField.php on line 204
2015-01-13 19:45:58 ERROR - Error::log - Invalid argument supplied for foreach() in /home/againnewyork/againnewyork.com/-new/system/manager/classes/formFields/ItemsField.php on line 204
2015-01-13 19:59:35 ERROR - Error::log - SQL error: SELECT * FROM `agn_assets` WHERE id in () ORDER BY FIELD(id, ) ;
<br><b>'You have an error in your SQL syntax; check the manual that corresponds to your MySQL server version for the right syntax to use near ') ORDER BY FIELD(id, )' at line 1'</b> in /home/againnewyork/againnewyork.com/-new/system/database/mysql/MysqlRecordSet.php on line 60
2015-01-13 19:59:37 ERROR - Error::log - SQL error: SELECT * FROM `agn_assets` WHERE id in () ORDER BY FIELD(id, ) ;
<br><b>'You have an error in your SQL syntax; check the manual that corresponds to your MySQL server version for the right syntax to use near ') ORDER BY FIELD(id, )' at line 1'</b> in /home/againnewyork/againnewyork.com/-new/system/database/mysql/MysqlRecordSet.php on line 60
2015-01-13 19:59:40 ERROR - Error::log - SQL error: SELECT * FROM `agn_assets` WHERE id in () ORDER BY FIELD(id, ) ;
<br><b>'You have an error in your SQL syntax; check the manual that corresponds to your MySQL server version for the right syntax to use near ') ORDER BY FIELD(id, )' at line 1'</b> in /home/againnewyork/againnewyork.com/-new/system/database/mysql/MysqlRecordSet.php on line 60
2015-01-13 20:02:40 ERROR - Error::log - Invalid argument supplied for foreach() in /home/againnewyork/againnewyork.com/-new/system/manager/classes/formFields/ItemsField.php on line 204
2015-01-13 20:05:06 ERROR - Error::log - SQL error: SELECT * FROM `agn_assets` WHERE id in () ORDER BY FIELD(id, ) ;
<br><b>'You have an error in your SQL syntax; check the manual that corresponds to your MySQL server version for the right syntax to use near ') ORDER BY FIELD(id, )' at line 1'</b> in /home/againnewyork/againnewyork.com/-new/system/database/mysql/MysqlRecordSet.php on line 60
2015-01-13 20:05:09 ERROR - Error::log - SQL error: SELECT * FROM `agn_assets` WHERE id in () ORDER BY FIELD(id, ) ;
<br><b>'You have an error in your SQL syntax; check the manual that corresponds to your MySQL server version for the right syntax to use near ') ORDER BY FIELD(id, )' at line 1'</b> in /home/againnewyork/againnewyork.com/-new/system/database/mysql/MysqlRecordSet.php on line 60
2015-01-13 20:05:32 ERROR - Error::log - SQL error: SELECT * FROM `agn_assets` WHERE id in () ORDER BY FIELD(id, ) ;
<br><b>'You have an error in your SQL syntax; check the manual that corresponds to your MySQL server version for the right syntax to use near ') ORDER BY FIELD(id, )' at line 1'</b> in /home/againnewyork/againnewyork.com/-new/system/database/mysql/MysqlRecordSet.php on line 60
2015-01-13 20:07:31 ERROR - Error::log - SQL error: SELECT * FROM `agn_assets` WHERE id in () ORDER BY FIELD(id, ) ;
<br><b>'You have an error in your SQL syntax; check the manual that corresponds to your MySQL server version for the right syntax to use near ') ORDER BY FIELD(id, )' at line 1'</b> in /home/againnewyork/againnewyork.com/-new/system/database/mysql/MysqlRecordSet.php on line 60
2015-01-13 20:07:52 ERROR - Error::log - SQL error: SELECT * FROM `agn_assets` WHERE id in () ORDER BY FIELD(id, ) ;
<br><b>'You have an error in your SQL syntax; check the manual that corresponds to your MySQL server version for the right syntax to use near ') ORDER BY FIELD(id, )' at line 1'</b> in /home/againnewyork/againnewyork.com/-new/system/database/mysql/MysqlRecordSet.php on line 60
2015-01-13 20:08:09 ERROR - Error::log - SQL error: SELECT * FROM `agn_assets` WHERE id in () ORDER BY FIELD(id, ) ;
<br><b>'You have an error in your SQL syntax; check the manual that corresponds to your MySQL server version for the right syntax to use near ') ORDER BY FIELD(id, )' at line 1'</b> in /home/againnewyork/againnewyork.com/-new/system/database/mysql/MysqlRecordSet.php on line 60
2015-01-13 20:09:40 ERROR - Error::log - SQL error: SELECT * FROM `agn_assets` WHERE id in () ORDER BY FIELD(id, ) ;
<br><b>'You have an error in your SQL syntax; check the manual that corresponds to your MySQL server version for the right syntax to use near ') ORDER BY FIELD(id, )' at line 1'</b> in /home/againnewyork/againnewyork.com/-new/system/database/mysql/MysqlRecordSet.php on line 60
2015-01-13 20:10:34 ERROR - Error::log - SQL error: SELECT * FROM `agn_assets` WHERE id in () ORDER BY FIELD(id, ) ;
<br><b>'You have an error in your SQL syntax; check the manual that corresponds to your MySQL server version for the right syntax to use near ') ORDER BY FIELD(id, )' at line 1'</b> in /home/againnewyork/againnewyork.com/-new/system/database/mysql/MysqlRecordSet.php on line 60
2015-01-13 20:11:12 ERROR - Error::log - Invalid argument supplied for foreach() in /home/againnewyork/againnewyork.com/-new/system/manager/classes/formFields/ItemsField.php on line 204
2015-01-13 20:11:13 ERROR - Error::log - Invalid argument supplied for foreach() in /home/againnewyork/againnewyork.com/-new/system/manager/classes/formFields/ItemsField.php on line 204
2015-01-13 20:11:14 ERROR - Error::log - Invalid argument supplied for foreach() in /home/againnewyork/againnewyork.com/-new/system/manager/classes/formFields/ItemsField.php on line 204
2015-01-13 20:11:15 ERROR - Error::log - Invalid argument supplied for foreach() in /home/againnewyork/againnewyork.com/-new/system/manager/classes/formFields/ItemsField.php on line 204
